[GIN-debug] [WARNING] Running in "debug" mode. Switch to "release" mode in production.
 - using env:	export GIN_MODE=release
 - using code:	gin.SetMode(gin.ReleaseMode)

[GIN-debug] GET    /css/*filepath            --> github.com/gin-gonic/gin.(*RouterGroup).createStaticHandler.func1 (4 handlers)
[GIN-debug] HEAD   /css/*filepath            --> github.com/gin-gonic/gin.(*RouterGroup).createStaticHandler.func1 (4 handlers)
[GIN-debug] Loaded HTML Templates (4): 
	- 
	- footer.html
	- header.html
	- index.html

[GIN-debug] GET    /api/videos               --> main.main.func1 (4 handlers)
[GIN-debug] POST   /api/videos               --> main.main.func2 (4 handlers)
[GIN-debug] GET    /view/videos              --> LabaSeti9/controller.VideoController.ShowAll-fm (4 handlers)
[GIN-debug] [WARNING] You trusted all proxies, this is NOT safe. We recommend you to set a value.
Please check https://pkg.go.dev/github.com/gin-gonic/gin#readme-don-t-trust-all-proxies for details.
[GIN-debug] Listening and serving HTTP on :8080
::1 - [23 Nov 22 23:55 MSK] GET /view/videos?title=Asd&description=asdc&url=https%3A%2F%2Fwww.youtube.com%2Fwatch%3Fv%3DDqyJFV7QJqc 200 1.1341ms 
::1 - [23 Nov 22 23:55 MSK] GET /view 404 0s 
::1 - [23 Nov 22 23:55 MSK] GET /view/videos 200 1.3059ms 
::1 - [23 Nov 22 23:55 MSK] POST /api/videos 200 284.8µs 
::1 - [23 Nov 22 23:55 MSK] GET /view/videos?title=ADasd&description=asd&url=https%3A%2F%2Fwww.youtube.com%2Fwatch%3Fv%3DDqyJFV7QJqc 200 1.3435ms 
::1 - [23 Nov 22 23:56 MSK] GET /view/videos 200 7.2014ms 
::1 - [23 Nov 22 23:56 MSK] POST /api/videos 200 687.8µs 
::1 - [23 Nov 22 23:56 MSK] GET /view/videos?title=aSD&description=dsad&url=https%3A%2F%2Fwww.youtube.com%2Fwatch%3Fv%3DDqyJFV7QJqc 200 1.4281ms 
::1 - [23 Nov 22 23:56 MSK] GET /view/videos?title=aSD&description=dsad&url=https%3A%2F%2Fwww.youtube.com%2Fwatch%3Fv%3DDqyJFV7QJqc 200 6.9535ms 
